Determining if the Q_WS_X11 exist failed with the following output:
Change Dir: /Users/arkygeek/devel/landuseanalyst/buildXCODE/CMakeFiles/CMakeTmp

Run Build Command:/Applications/CMake\ 2.6-3.app/Contents/bin/cmakexbuild -project CMAKE_TRY_COMPILE.xcodeproj build -target cmTryCompileExec -configuration Debug
** BUILD FAILED **

The following build commands failed:
cmTryCompileExec:
	CompileC CMAKE_TRY_COMPILE.build/Debug/cmTryCompileExec.build/Objects-normal/i386/CheckSymbolExists.o /Users/arkygeek/devel/landuseanalyst/buildXCODE/CMakeFiles/CMakeTmp/CheckSymbolExists.c normal i386 c com.apple.compilers.gcc.4_0
	CompileC CMAKE_TRY_COMPILE.build/Debug/cmTryCompileExec.build/Objects-normal/ppc/CheckSymbolExists.o /Users/arkygeek/devel/landuseanalyst/buildXCODE/CMakeFiles/CMakeTmp/CheckSymbolExists.c normal ppc c com.apple.compilers.gcc.4_0
(2 failures)

=== BUILDING NATIVE TARGET cmTryCompileExec OF PROJECT CMAKE_TRY_COMPILE WITH CONFIGURATION Debug ===

Checking Dependencies...

PhaseScriptExecution /Users/arkygeek/devel/landuseanalyst/buildXCODE/CMakeFiles/CMakeTmp/CMAKE_TRY_COMPILE.build/Debug/cmTryCompileExec.build/Script-F8F50E0F8F50E0F8F50E0000.sh
    cd /Users/arkygeek/devel/landuseanalyst/buildXCODE/CMakeFiles/CMakeTmp
    /bin/sh -c /Users/arkygeek/devel/landuseanalyst/buildXCODE/CMakeFiles/CMakeTmp/CMAKE_TRY_COMPILE.build/Debug/cmTryCompileExec.build/Script-F8F50E0F8F50E0F8F50E0000.sh
make: `CMakeFiles/cmake.check_cache' is up to date.

CompileC CMAKE_TRY_COMPILE.build/Debug/cmTryCompileExec.build/Objects-normal/ppc/CheckSymbolExists.o /Users/arkygeek/devel/landuseanalyst/buildXCODE/CMakeFiles/CMakeTmp/CheckSymbolExists.c normal ppc c com.apple.compilers.gcc.4_0
    cd /Users/arkygeek/devel/landuseanalyst/buildXCODE/CMakeFiles/CMakeTmp
    /Developer/usr/bin/gcc-4.0 -x c -arch ppc -fmessage-length=0 -pipe -Wno-trigraphs -fpascal-strings -fasm-blocks -O0 -mdynamic-no-pic -DCMAKE_INTDIR="Debug" -isysroot /Developer/SDKs/MacOSX10.5.sdk -mtune=G4 -mmacosx-version-min=10.5 -gdwarf-2 -Wmost -Wno-four-char-constants -Wno-unknown-pragmas -F/Users/arkygeek/devel/landuseanalyst/buildXCODE/CMakeFiles/CMakeTmp/Debug -I/Users/arkygeek/devel/landuseanalyst/buildXCODE/CMakeFiles/CMakeTmp/Debug/include -I/Users/arkygeek/devel/landuseanalyst/buildXCODE/CMakeFiles/CMakeTmp/CMAKE_TRY_COMPILE.build/Debug/cmTryCompileExec.build/DerivedSources -F/Library/Frameworks -c /Users/arkygeek/devel/landuseanalyst/buildXCODE/CMakeFiles/CMakeTmp/CheckSymbolExists.c -o /Users/arkygeek/devel/landuseanalyst/buildXCODE/CMakeFiles/CMakeTmp/CMAKE_TRY_COMPILE.build/Debug/cmTryCompileExec.build/Objects-normal/ppc/CheckSymbolExists.o
/Users/arkygeek/devel/landuseanalyst/buildXCODE/CMakeFiles/CMakeTmp/CheckSymbolExists.c: In function 'main':
/Users/arkygeek/devel/landuseanalyst/buildXCODE/CMakeFiles/CMakeTmp/CheckSymbolExists.c:8: error: 'Q_WS_X11' undeclared (first use in this function)
/Users/arkygeek/devel/landuseanalyst/buildXCODE/CMakeFiles/CMakeTmp/CheckSymbolExists.c:8: error: (Each undeclared identifier is reported only once
/Users/arkygeek/devel/landuseanalyst/buildXCODE/CMakeFiles/CMakeTmp/CheckSymbolExists.c:8: error: for each function it appears in.)

CompileC CMAKE_TRY_COMPILE.build/Debug/cmTryCompileExec.build/Objects-normal/i386/CheckSymbolExists.o /Users/arkygeek/devel/landuseanalyst/buildXCODE/CMakeFiles/CMakeTmp/CheckSymbolExists.c normal i386 c com.apple.compilers.gcc.4_0
    cd /Users/arkygeek/devel/landuseanalyst/buildXCODE/CMakeFiles/CMakeTmp
    /Developer/usr/bin/gcc-4.0 -x c -arch i386 -fmessage-length=0 -pipe -Wno-trigraphs -fpascal-strings -fasm-blocks -O0 -mdynamic-no-pic -DCMAKE_INTDIR="Debug" -isysroot /Developer/SDKs/MacOSX10.5.sdk -mmacosx-version-min=10.5 -gdwarf-2 -Wmost -Wno-four-char-constants -Wno-unknown-pragmas -F/Users/arkygeek/devel/landuseanalyst/buildXCODE/CMakeFiles/CMakeTmp/Debug -I/Users/arkygeek/devel/landuseanalyst/buildXCODE/CMakeFiles/CMakeTmp/Debug/include -I/Users/arkygeek/devel/landuseanalyst/buildXCODE/CMakeFiles/CMakeTmp/CMAKE_TRY_COMPILE.build/Debug/cmTryCompileExec.build/DerivedSources -F/Library/Frameworks -c /Users/arkygeek/devel/landuseanalyst/buildXCODE/CMakeFiles/CMakeTmp/CheckSymbolExists.c -o /Users/arkygeek/devel/landuseanalyst/buildXCODE/CMakeFiles/CMakeTmp/CMAKE_TRY_COMPILE.build/Debug/cmTryCompileExec.build/Objects-normal/i386/CheckSymbolExists.o
/Users/arkygeek/devel/landuseanalyst/buildXCODE/CMakeFiles/CMakeTmp/CheckSymbolExists.c: In function 'main':
/Users/arkygeek/devel/landuseanalyst/buildXCODE/CMakeFiles/CMakeTmp/CheckSymbolExists.c:8: error: 'Q_WS_X11' undeclared (first use in this function)
/Users/arkygeek/devel/landuseanalyst/buildXCODE/CMakeFiles/CMakeTmp/CheckSymbolExists.c:8: error: (Each undeclared identifier is reported only once
/Users/arkygeek/devel/landuseanalyst/buildXCODE/CMakeFiles/CMakeTmp/CheckSymbolExists.c:8: error: for each function it appears in.)

PhaseScriptExecution /Users/arkygeek/devel/landuseanalyst/buildXCODE/CMakeFiles/CMakeTmp/CMAKE_TRY_COMPILE.build/Debug/cmTryCompileExec.build/Script-F8F58E0F8F58E0F8F58E0000.sh
    cd /Users/arkygeek/devel/landuseanalyst/buildXCODE/CMakeFiles/CMakeTmp
    /bin/sh -c /Users/arkygeek/devel/landuseanalyst/buildXCODE/CMakeFiles/CMakeTmp/CMAKE_TRY_COMPILE.build/Debug/cmTryCompileExec.build/Script-F8F58E0F8F58E0F8F58E0000.sh
echo "Depend check for xcode"
Depend check for xcode
cd /Users/arkygeek/devel/landuseanalyst/buildXCODE/CMakeFiles/CMakeTmp && make -C /Users/arkygeek/devel/landuseanalyst/buildXCODE/CMakeFiles/CMakeTmp -f /Users/arkygeek/devel/landuseanalyst/buildXCODE/CMakeFiles/CMakeTmp/CMakeScripts/XCODE_DEPEND_HELPER.make all.Debug
/bin/rm -f /Users/arkygeek/devel/landuseanalyst/buildXCODE/CMakeFiles/CMakeTmp/Debug/cmTryCompileExec
/bin/rm -f /Users/arkygeek/devel/landuseanalyst/buildXCODE/CMakeFiles/CMakeTmp/CMAKE_TRY_COMPILE.build/Debug/cmTryCompileExec.build/Objects-normal/ppc/cmTryCompileExec
/bin/rm -f /Users/arkygeek/devel/landuseanalyst/buildXCODE/CMakeFiles/CMakeTmp/CMAKE_TRY_COMPILE.build/Debug/cmTryCompileExec.build/Objects-normal/i386/cmTryCompileExec

File /Users/arkygeek/devel/landuseanalyst/buildXCODE/CMakeFiles/CMakeTmp/CheckSymbolExists.c:
/* */
#include <QtCore/qglobal.h>

void cmakeRequireSymbol(int dummy,...){(void)dummy;}
int main()
{
#ifndef Q_WS_X11
  cmakeRequireSymbol(0,&Q_WS_X11);
#endif
  return 0;
}

Determining if the Q_WS_WIN exist failed with the following output:
Change Dir: /Users/arkygeek/devel/landuseanalyst/buildXCODE/CMakeFiles/CMakeTmp

Run Build Command:/Applications/CMake\ 2.6-3.app/Contents/bin/cmakexbuild -project CMAKE_TRY_COMPILE.xcodeproj build -target cmTryCompileExec -configuration Debug
** BUILD FAILED **

The following build commands failed:
cmTryCompileExec:
	CompileC CMAKE_TRY_COMPILE.build/Debug/cmTryCompileExec.build/Objects-normal/ppc/CheckSymbolExists.o /Users/arkygeek/devel/landuseanalyst/buildXCODE/CMakeFiles/CMakeTmp/CheckSymbolExists.c normal ppc c com.apple.compilers.gcc.4_0
	CompileC CMAKE_TRY_COMPILE.build/Debug/cmTryCompileExec.build/Objects-normal/i386/CheckSymbolExists.o /Users/arkygeek/devel/landuseanalyst/buildXCODE/CMakeFiles/CMakeTmp/CheckSymbolExists.c normal i386 c com.apple.compilers.gcc.4_0
(2 failures)

=== BUILDING NATIVE TARGET cmTryCompileExec OF PROJECT CMAKE_TRY_COMPILE WITH CONFIGURATION Debug ===

Checking Dependencies...

PhaseScriptExecution /Users/arkygeek/devel/landuseanalyst/buildXCODE/CMakeFiles/CMakeTmp/CMAKE_TRY_COMPILE.build/Debug/cmTryCompileExec.build/Script-F8F3C10F8F3C10F8F3C10000.sh
    cd /Users/arkygeek/devel/landuseanalyst/buildXCODE/CMakeFiles/CMakeTmp
    /bin/sh -c /Users/arkygeek/devel/landuseanalyst/buildXCODE/CMakeFiles/CMakeTmp/CMAKE_TRY_COMPILE.build/Debug/cmTryCompileExec.build/Script-F8F3C10F8F3C10F8F3C10000.sh
make: `CMakeFiles/cmake.check_cache' is up to date.

CompileC CMAKE_TRY_COMPILE.build/Debug/cmTryCompileExec.build/Objects-normal/ppc/CheckSymbolExists.o /Users/arkygeek/devel/landuseanalyst/buildXCODE/CMakeFiles/CMakeTmp/CheckSymbolExists.c normal ppc c com.apple.compilers.gcc.4_0
    cd /Users/arkygeek/devel/landuseanalyst/buildXCODE/CMakeFiles/CMakeTmp
    /Developer/usr/bin/gcc-4.0 -x c -arch ppc -fmessage-length=0 -pipe -Wno-trigraphs -fpascal-strings -fasm-blocks -O0 -mdynamic-no-pic -DCMAKE_INTDIR="Debug" -isysroot /Developer/SDKs/MacOSX10.5.sdk -mtune=G4 -mmacosx-version-min=10.5 -gdwarf-2 -Wmost -Wno-four-char-constants -Wno-unknown-pragmas -F/Users/arkygeek/devel/landuseanalyst/buildXCODE/CMakeFiles/CMakeTmp/Debug -I/Users/arkygeek/devel/landuseanalyst/buildXCODE/CMakeFiles/CMakeTmp/Debug/include -I/Users/arkygeek/devel/landuseanalyst/buildXCODE/CMakeFiles/CMakeTmp/CMAKE_TRY_COMPILE.build/Debug/cmTryCompileExec.build/DerivedSources -F/Library/Frameworks -c /Users/arkygeek/devel/landuseanalyst/buildXCODE/CMakeFiles/CMakeTmp/CheckSymbolExists.c -o /Users/arkygeek/devel/landuseanalyst/buildXCODE/CMakeFiles/CMakeTmp/CMAKE_TRY_COMPILE.build/Debug/cmTryCompileExec.build/Objects-normal/ppc/CheckSymbolExists.o
/Users/arkygeek/devel/landuseanalyst/buildXCODE/CMakeFiles/CMakeTmp/CheckSymbolExists.c: In function 'main':
/Users/arkygeek/devel/landuseanalyst/buildXCODE/CMakeFiles/CMakeTmp/CheckSymbolExists.c:8: error: 'Q_WS_WIN' undeclared (first use in this function)
/Users/arkygeek/devel/landuseanalyst/buildXCODE/CMakeFiles/CMakeTmp/CheckSymbolExists.c:8: error: (Each undeclared identifier is reported only once
/Users/arkygeek/devel/landuseanalyst/buildXCODE/CMakeFiles/CMakeTmp/CheckSymbolExists.c:8: error: for each function it appears in.)

CompileC CMAKE_TRY_COMPILE.build/Debug/cmTryCompileExec.build/Objects-normal/i386/CheckSymbolExists.o /Users/arkygeek/devel/landuseanalyst/buildXCODE/CMakeFiles/CMakeTmp/CheckSymbolExists.c normal i386 c com.apple.compilers.gcc.4_0
    cd /Users/arkygeek/devel/landuseanalyst/buildXCODE/CMakeFiles/CMakeTmp
    /Developer/usr/bin/gcc-4.0 -x c -arch i386 -fmessage-length=0 -pipe -Wno-trigraphs -fpascal-strings -fasm-blocks -O0 -mdynamic-no-pic -DCMAKE_INTDIR="Debug" -isysroot /Developer/SDKs/MacOSX10.5.sdk -mmacosx-version-min=10.5 -gdwarf-2 -Wmost -Wno-four-char-constants -Wno-unknown-pragmas -F/Users/arkygeek/devel/landuseanalyst/buildXCODE/CMakeFiles/CMakeTmp/Debug -I/Users/arkygeek/devel/landuseanalyst/buildXCODE/CMakeFiles/CMakeTmp/Debug/include -I/Users/arkygeek/devel/landuseanalyst/buildXCODE/CMakeFiles/CMakeTmp/CMAKE_TRY_COMPILE.build/Debug/cmTryCompileExec.build/DerivedSources -F/Library/Frameworks -c /Users/arkygeek/devel/landuseanalyst/buildXCODE/CMakeFiles/CMakeTmp/CheckSymbolExists.c -o /Users/arkygeek/devel/landuseanalyst/buildXCODE/CMakeFiles/CMakeTmp/CMAKE_TRY_COMPILE.build/Debug/cmTryCompileExec.build/Objects-normal/i386/CheckSymbolExists.o
/Users/arkygeek/devel/landuseanalyst/buildXCODE/CMakeFiles/CMakeTmp/CheckSymbolExists.c: In function 'main':
/Users/arkygeek/devel/landuseanalyst/buildXCODE/CMakeFiles/CMakeTmp/CheckSymbolExists.c:8: error: 'Q_WS_WIN' undeclared (first use in this function)
/Users/arkygeek/devel/landuseanalyst/buildXCODE/CMakeFiles/CMakeTmp/CheckSymbolExists.c:8: error: (Each undeclared identifier is reported only once
/Users/arkygeek/devel/landuseanalyst/buildXCODE/CMakeFiles/CMakeTmp/CheckSymbolExists.c:8: error: for each function it appears in.)

PhaseScriptExecution /Users/arkygeek/devel/landuseanalyst/buildXCODE/CMakeFiles/CMakeTmp/CMAKE_TRY_COMPILE.build/Debug/cmTryCompileExec.build/Script-F8F4430F8F4430F8F4430000.sh
    cd /Users/arkygeek/devel/landuseanalyst/buildXCODE/CMakeFiles/CMakeTmp
    /bin/sh -c /Users/arkygeek/devel/landuseanalyst/buildXCODE/CMakeFiles/CMakeTmp/CMAKE_TRY_COMPILE.build/Debug/cmTryCompileExec.build/Script-F8F4430F8F4430F8F4430000.sh
echo "Depend check for xcode"
Depend check for xcode
cd /Users/arkygeek/devel/landuseanalyst/buildXCODE/CMakeFiles/CMakeTmp && make -C /Users/arkygeek/devel/landuseanalyst/buildXCODE/CMakeFiles/CMakeTmp -f /Users/arkygeek/devel/landuseanalyst/buildXCODE/CMakeFiles/CMakeTmp/CMakeScripts/XCODE_DEPEND_HELPER.make all.Debug
/bin/rm -f /Users/arkygeek/devel/landuseanalyst/buildXCODE/CMakeFiles/CMakeTmp/Debug/cmTryCompileExec
/bin/rm -f /Users/arkygeek/devel/landuseanalyst/buildXCODE/CMakeFiles/CMakeTmp/CMAKE_TRY_COMPILE.build/Debug/cmTryCompileExec.build/Objects-normal/ppc/cmTryCompileExec
/bin/rm -f /Users/arkygeek/devel/landuseanalyst/buildXCODE/CMakeFiles/CMakeTmp/CMAKE_TRY_COMPILE.build/Debug/cmTryCompileExec.build/Objects-normal/i386/cmTryCompileExec

File /Users/arkygeek/devel/landuseanalyst/buildXCODE/CMakeFiles/CMakeTmp/CheckSymbolExists.c:
/* */
#include <QtCore/qglobal.h>

void cmakeRequireSymbol(int dummy,...){(void)dummy;}
int main()
{
#ifndef Q_WS_WIN
  cmakeRequireSymbol(0,&Q_WS_WIN);
#endif
  return 0;
}

Determining if the Q_WS_QWS exist failed with the following output:
Change Dir: /Users/arkygeek/devel/landuseanalyst/buildXCODE/CMakeFiles/CMakeTmp

Run Build Command:/Applications/CMake\ 2.6-3.app/Contents/bin/cmakexbuild -project CMAKE_TRY_COMPILE.xcodeproj build -target cmTryCompileExec -configuration Debug
** BUILD FAILED **

The following build commands failed:
cmTryCompileExec:
	CompileC CMAKE_TRY_COMPILE.build/Debug/cmTryCompileExec.build/Objects-normal/ppc/CheckSymbolExists.o /Users/arkygeek/devel/landuseanalyst/buildXCODE/CMakeFiles/CMakeTmp/CheckSymbolExists.c normal ppc c com.apple.compilers.gcc.4_0
	CompileC CMAKE_TRY_COMPILE.build/Debug/cmTryCompileExec.build/Objects-normal/i386/CheckSymbolExists.o /Users/arkygeek/devel/landuseanalyst/buildXCODE/CMakeFiles/CMakeTmp/CheckSymbolExists.c normal i386 c com.apple.compilers.gcc.4_0
(2 failures)

=== BUILDING NATIVE TARGET cmTryCompileExec OF PROJECT CMAKE_TRY_COMPILE WITH CONFIGURATION Debug ===

Checking Dependencies...

PhaseScriptExecution /Users/arkygeek/devel/landuseanalyst/buildXCODE/CMakeFiles/CMakeTmp/CMAKE_TRY_COMPILE.build/Debug/cmTryCompileExec.build/Script-F8FA570F8FA570F8FA570000.sh
    cd /Users/arkygeek/devel/landuseanalyst/buildXCODE/CMakeFiles/CMakeTmp
    /bin/sh -c /Users/arkygeek/devel/landuseanalyst/buildXCODE/CMakeFiles/CMakeTmp/CMAKE_TRY_COMPILE.build/Debug/cmTryCompileExec.build/Script-F8FA570F8FA570F8FA570000.sh
make: `CMakeFiles/cmake.check_cache' is up to date.

CompileC CMAKE_TRY_COMPILE.build/Debug/cmTryCompileExec.build/Objects-normal/ppc/CheckSymbolExists.o /Users/arkygeek/devel/landuseanalyst/buildXCODE/CMakeFiles/CMakeTmp/CheckSymbolExists.c normal ppc c com.apple.compilers.gcc.4_0
    cd /Users/arkygeek/devel/landuseanalyst/buildXCODE/CMakeFiles/CMakeTmp
    /Developer/usr/bin/gcc-4.0 -x c -arch ppc -fmessage-length=0 -pipe -Wno-trigraphs -fpascal-strings -fasm-blocks -O0 -mdynamic-no-pic -DCMAKE_INTDIR="Debug" -isysroot /Developer/SDKs/MacOSX10.5.sdk -mtune=G4 -mmacosx-version-min=10.5 -gdwarf-2 -Wmost -Wno-four-char-constants -Wno-unknown-pragmas -F/Users/arkygeek/devel/landuseanalyst/buildXCODE/CMakeFiles/CMakeTmp/Debug -I/Users/arkygeek/devel/landuseanalyst/buildXCODE/CMakeFiles/CMakeTmp/Debug/include -I/Users/arkygeek/devel/landuseanalyst/buildXCODE/CMakeFiles/CMakeTmp/CMAKE_TRY_COMPILE.build/Debug/cmTryCompileExec.build/DerivedSources -F/Library/Frameworks -c /Users/arkygeek/devel/landuseanalyst/buildXCODE/CMakeFiles/CMakeTmp/CheckSymbolExists.c -o /Users/arkygeek/devel/landuseanalyst/buildXCODE/CMakeFiles/CMakeTmp/CMAKE_TRY_COMPILE.build/Debug/cmTryCompileExec.build/Objects-normal/ppc/CheckSymbolExists.o
/Users/arkygeek/devel/landuseanalyst/buildXCODE/CMakeFiles/CMakeTmp/CheckSymbolExists.c: In function 'main':
/Users/arkygeek/devel/landuseanalyst/buildXCODE/CMakeFiles/CMakeTmp/CheckSymbolExists.c:8: error: 'Q_WS_QWS' undeclared (first use in this function)
/Users/arkygeek/devel/landuseanalyst/buildXCODE/CMakeFiles/CMakeTmp/CheckSymbolExists.c:8: error: (Each undeclared identifier is reported only once
/Users/arkygeek/devel/landuseanalyst/buildXCODE/CMakeFiles/CMakeTmp/CheckSymbolExists.c:8: error: for each function it appears in.)

CompileC CMAKE_TRY_COMPILE.build/Debug/cmTryCompileExec.build/Objects-normal/i386/CheckSymbolExists.o /Users/arkygeek/devel/landuseanalyst/buildXCODE/CMakeFiles/CMakeTmp/CheckSymbolExists.c normal i386 c com.apple.compilers.gcc.4_0
    cd /Users/arkygeek/devel/landuseanalyst/buildXCODE/CMakeFiles/CMakeTmp
    /Developer/usr/bin/gcc-4.0 -x c -arch i386 -fmessage-length=0 -pipe -Wno-trigraphs -fpascal-strings -fasm-blocks -O0 -mdynamic-no-pic -DCMAKE_INTDIR="Debug" -isysroot /Developer/SDKs/MacOSX10.5.sdk -mmacosx-version-min=10.5 -gdwarf-2 -Wmost -Wno-four-char-constants -Wno-unknown-pragmas -F/Users/arkygeek/devel/landuseanalyst/buildXCODE/CMakeFiles/CMakeTmp/Debug -I/Users/arkygeek/devel/landuseanalyst/buildXCODE/CMakeFiles/CMakeTmp/Debug/include -I/Users/arkygeek/devel/landuseanalyst/buildXCODE/CMakeFiles/CMakeTmp/CMAKE_TRY_COMPILE.build/Debug/cmTryCompileExec.build/DerivedSources -F/Library/Frameworks -c /Users/arkygeek/devel/landuseanalyst/buildXCODE/CMakeFiles/CMakeTmp/CheckSymbolExists.c -o /Users/arkygeek/devel/landuseanalyst/buildXCODE/CMakeFiles/CMakeTmp/CMAKE_TRY_COMPILE.build/Debug/cmTryCompileExec.build/Objects-normal/i386/CheckSymbolExists.o
/Users/arkygeek/devel/landuseanalyst/buildXCODE/CMakeFiles/CMakeTmp/CheckSymbolExists.c: In function 'main':
/Users/arkygeek/devel/landuseanalyst/buildXCODE/CMakeFiles/CMakeTmp/CheckSymbolExists.c:8: error: 'Q_WS_QWS' undeclared (first use in this function)
/Users/arkygeek/devel/landuseanalyst/buildXCODE/CMakeFiles/CMakeTmp/CheckSymbolExists.c:8: error: (Each undeclared identifier is reported only once
/Users/arkygeek/devel/landuseanalyst/buildXCODE/CMakeFiles/CMakeTmp/CheckSymbolExists.c:8: error: for each function it appears in.)

PhaseScriptExecution /Users/arkygeek/devel/landuseanalyst/buildXCODE/CMakeFiles/CMakeTmp/CMAKE_TRY_COMPILE.build/Debug/cmTryCompileExec.build/Script-F8FAD90F8FAD90F8FAD90000.sh
    cd /Users/arkygeek/devel/landuseanalyst/buildXCODE/CMakeFiles/CMakeTmp
    /bin/sh -c /Users/arkygeek/devel/landuseanalyst/buildXCODE/CMakeFiles/CMakeTmp/CMAKE_TRY_COMPILE.build/Debug/cmTryCompileExec.build/Script-F8FAD90F8FAD90F8FAD90000.sh
echo "Depend check for xcode"
Depend check for xcode
cd /Users/arkygeek/devel/landuseanalyst/buildXCODE/CMakeFiles/CMakeTmp && make -C /Users/arkygeek/devel/landuseanalyst/buildXCODE/CMakeFiles/CMakeTmp -f /Users/arkygeek/devel/landuseanalyst/buildXCODE/CMakeFiles/CMakeTmp/CMakeScripts/XCODE_DEPEND_HELPER.make all.Debug
/bin/rm -f /Users/arkygeek/devel/landuseanalyst/buildXCODE/CMakeFiles/CMakeTmp/Debug/cmTryCompileExec
/bin/rm -f /Users/arkygeek/devel/landuseanalyst/buildXCODE/CMakeFiles/CMakeTmp/CMAKE_TRY_COMPILE.build/Debug/cmTryCompileExec.build/Objects-normal/ppc/cmTryCompileExec
/bin/rm -f /Users/arkygeek/devel/landuseanalyst/buildXCODE/CMakeFiles/CMakeTmp/CMAKE_TRY_COMPILE.build/Debug/cmTryCompileExec.build/Objects-normal/i386/cmTryCompileExec

File /Users/arkygeek/devel/landuseanalyst/buildXCODE/CMakeFiles/CMakeTmp/CheckSymbolExists.c:
/* */
#include <QtCore/qglobal.h>

void cmakeRequireSymbol(int dummy,...){(void)dummy;}
int main()
{
#ifndef Q_WS_QWS
  cmakeRequireSymbol(0,&Q_WS_QWS);
#endif
  return 0;
}

Determining if the QT_MAC_USE_COCOA exist failed with the following output:
Change Dir: /Users/arkygeek/devel/landuseanalyst/buildXCODE/CMakeFiles/CMakeTmp

Run Build Command:/Applications/CMake\ 2.6-3.app/Contents/bin/cmakexbuild -project CMAKE_TRY_COMPILE.xcodeproj build -target cmTryCompileExec -configuration Debug
** BUILD FAILED **

The following build commands failed:
cmTryCompileExec:
	CompileC CMAKE_TRY_COMPILE.build/Debug/cmTryCompileExec.build/Objects-normal/ppc/CheckSymbolExists.o /Users/arkygeek/devel/landuseanalyst/buildXCODE/CMakeFiles/CMakeTmp/CheckSymbolExists.c normal ppc c com.apple.compilers.gcc.4_0
	CompileC CMAKE_TRY_COMPILE.build/Debug/cmTryCompileExec.build/Objects-normal/i386/CheckSymbolExists.o /Users/arkygeek/devel/landuseanalyst/buildXCODE/CMakeFiles/CMakeTmp/CheckSymbolExists.c normal i386 c com.apple.compilers.gcc.4_0
(2 failures)

=== BUILDING NATIVE TARGET cmTryCompileExec OF PROJECT CMAKE_TRY_COMPILE WITH CONFIGURATION Debug ===

Checking Dependencies...

PhaseScriptExecution /Users/arkygeek/devel/landuseanalyst/buildXCODE/CMakeFiles/CMakeTmp/CMAKE_TRY_COMPILE.build/Debug/cmTryCompileExec.build/Script-F8CDD10F8CDD10F8CDD10000.sh
    cd /Users/arkygeek/devel/landuseanalyst/buildXCODE/CMakeFiles/CMakeTmp
    /bin/sh -c /Users/arkygeek/devel/landuseanalyst/buildXCODE/CMakeFiles/CMakeTmp/CMAKE_TRY_COMPILE.build/Debug/cmTryCompileExec.build/Script-F8CDD10F8CDD10F8CDD10000.sh
make: `CMakeFiles/cmake.check_cache' is up to date.

CompileC CMAKE_TRY_COMPILE.build/Debug/cmTryCompileExec.build/Objects-normal/ppc/CheckSymbolExists.o /Users/arkygeek/devel/landuseanalyst/buildXCODE/CMakeFiles/CMakeTmp/CheckSymbolExists.c normal ppc c com.apple.compilers.gcc.4_0
    cd /Users/arkygeek/devel/landuseanalyst/buildXCODE/CMakeFiles/CMakeTmp
    /Developer/usr/bin/gcc-4.0 -x c -arch ppc -fmessage-length=0 -pipe -Wno-trigraphs -fpascal-strings -fasm-blocks -O0 -mdynamic-no-pic -DCMAKE_INTDIR="Debug" -isysroot /Developer/SDKs/MacOSX10.5.sdk -mtune=G4 -mmacosx-version-min=10.5 -gdwarf-2 -Wmost -Wno-four-char-constants -Wno-unknown-pragmas -F/Users/arkygeek/devel/landuseanalyst/buildXCODE/CMakeFiles/CMakeTmp/Debug -I/Users/arkygeek/devel/landuseanalyst/buildXCODE/CMakeFiles/CMakeTmp/Debug/include -I/Users/arkygeek/devel/landuseanalyst/buildXCODE/CMakeFiles/CMakeTmp/CMAKE_TRY_COMPILE.build/Debug/cmTryCompileExec.build/DerivedSources -F/Library/Frameworks -c /Users/arkygeek/devel/landuseanalyst/buildXCODE/CMakeFiles/CMakeTmp/CheckSymbolExists.c -o /Users/arkygeek/devel/landuseanalyst/buildXCODE/CMakeFiles/CMakeTmp/CMAKE_TRY_COMPILE.build/Debug/cmTryCompileExec.build/Objects-normal/ppc/CheckSymbolExists.o
/Users/arkygeek/devel/landuseanalyst/buildXCODE/CMakeFiles/CMakeTmp/CheckSymbolExists.c: In function 'main':
/Users/arkygeek/devel/landuseanalyst/buildXCODE/CMakeFiles/CMakeTmp/CheckSymbolExists.c:8: error: 'QT_MAC_USE_COCOA' undeclared (first use in this function)
/Users/arkygeek/devel/landuseanalyst/buildXCODE/CMakeFiles/CMakeTmp/CheckSymbolExists.c:8: error: (Each undeclared identifier is reported only once
/Users/arkygeek/devel/landuseanalyst/buildXCODE/CMakeFiles/CMakeTmp/CheckSymbolExists.c:8: error: for each function it appears in.)

CompileC CMAKE_TRY_COMPILE.build/Debug/cmTryCompileExec.build/Objects-normal/i386/CheckSymbolExists.o /Users/arkygeek/devel/landuseanalyst/buildXCODE/CMakeFiles/CMakeTmp/CheckSymbolExists.c normal i386 c com.apple.compilers.gcc.4_0
    cd /Users/arkygeek/devel/landuseanalyst/buildXCODE/CMakeFiles/CMakeTmp
    /Developer/usr/bin/gcc-4.0 -x c -arch i386 -fmessage-length=0 -pipe -Wno-trigraphs -fpascal-strings -fasm-blocks -O0 -mdynamic-no-pic -DCMAKE_INTDIR="Debug" -isysroot /Developer/SDKs/MacOSX10.5.sdk -mmacosx-version-min=10.5 -gdwarf-2 -Wmost -Wno-four-char-constants -Wno-unknown-pragmas -F/Users/arkygeek/devel/landuseanalyst/buildXCODE/CMakeFiles/CMakeTmp/Debug -I/Users/arkygeek/devel/landuseanalyst/buildXCODE/CMakeFiles/CMakeTmp/Debug/include -I/Users/arkygeek/devel/landuseanalyst/buildXCODE/CMakeFiles/CMakeTmp/CMAKE_TRY_COMPILE.build/Debug/cmTryCompileExec.build/DerivedSources -F/Library/Frameworks -c /Users/arkygeek/devel/landuseanalyst/buildXCODE/CMakeFiles/CMakeTmp/CheckSymbolExists.c -o /Users/arkygeek/devel/landuseanalyst/buildXCODE/CMakeFiles/CMakeTmp/CMAKE_TRY_COMPILE.build/Debug/cmTryCompileExec.build/Objects-normal/i386/CheckSymbolExists.o
/Users/arkygeek/devel/landuseanalyst/buildXCODE/CMakeFiles/CMakeTmp/CheckSymbolExists.c: In function 'main':
/Users/arkygeek/devel/landuseanalyst/buildXCODE/CMakeFiles/CMakeTmp/CheckSymbolExists.c:8: error: 'QT_MAC_USE_COCOA' undeclared (first use in this function)
/Users/arkygeek/devel/landuseanalyst/buildXCODE/CMakeFiles/CMakeTmp/CheckSymbolExists.c:8: error: (Each undeclared identifier is reported only once
/Users/arkygeek/devel/landuseanalyst/buildXCODE/CMakeFiles/CMakeTmp/CheckSymbolExists.c:8: error: for each function it appears in.)

PhaseScriptExecution /Users/arkygeek/devel/landuseanalyst/buildXCODE/CMakeFiles/CMakeTmp/CMAKE_TRY_COMPILE.build/Debug/cmTryCompileExec.build/Script-F8CE530F8CE530F8CE530000.sh
    cd /Users/arkygeek/devel/landuseanalyst/buildXCODE/CMakeFiles/CMakeTmp
    /bin/sh -c /Users/arkygeek/devel/landuseanalyst/buildXCODE/CMakeFiles/CMakeTmp/CMAKE_TRY_COMPILE.build/Debug/cmTryCompileExec.build/Script-F8CE530F8CE530F8CE530000.sh
echo "Depend check for xcode"
Depend check for xcode
cd /Users/arkygeek/devel/landuseanalyst/buildXCODE/CMakeFiles/CMakeTmp && make -C /Users/arkygeek/devel/landuseanalyst/buildXCODE/CMakeFiles/CMakeTmp -f /Users/arkygeek/devel/landuseanalyst/buildXCODE/CMakeFiles/CMakeTmp/CMakeScripts/XCODE_DEPEND_HELPER.make all.Debug
/bin/rm -f /Users/arkygeek/devel/landuseanalyst/buildXCODE/CMakeFiles/CMakeTmp/Debug/cmTryCompileExec
/bin/rm -f /Users/arkygeek/devel/landuseanalyst/buildXCODE/CMakeFiles/CMakeTmp/CMAKE_TRY_COMPILE.build/Debug/cmTryCompileExec.build/Objects-normal/ppc/cmTryCompileExec
/bin/rm -f /Users/arkygeek/devel/landuseanalyst/buildXCODE/CMakeFiles/CMakeTmp/CMAKE_TRY_COMPILE.build/Debug/cmTryCompileExec.build/Objects-normal/i386/cmTryCompileExec

File /Users/arkygeek/devel/landuseanalyst/buildXCODE/CMakeFiles/CMakeTmp/CheckSymbolExists.c:
/* */
#include <QtCore/qconfig.h>

void cmakeRequireSymbol(int dummy,...){(void)dummy;}
int main()
{
#ifndef QT_MAC_USE_COCOA
  cmakeRequireSymbol(0,&QT_MAC_USE_COCOA);
#endif
  return 0;
}

